Determining if the pthread_create exist failed with the following output:
Change Dir: /home/gents/ariac/build/CMakeFiles/CMakeTmp

Run Build Command:"/usr/bin/make" "cmTC_442fe/fast"
/usr/bin/make -f CMakeFiles/cmTC_442fe.dir/build.make CMakeFiles/cmTC_442fe.dir/build
make[1]: Entering directory '/home/gents/ariac/build/CMakeFiles/CMakeTmp'
Building C object CMakeFiles/cmTC_442fe.dir/CheckSymbolExists.c.o
/usr/bin/cc    -o CMakeFiles/cmTC_442fe.dir/CheckSymbolExists.c.o   -c /home/gents/ariac/build/CMakeFiles/CMakeTmp/CheckSymbolExists.c
Linking C executable cmTC_442fe
/usr/bin/cmake -E cmake_link_script CMakeFiles/cmTC_442fe.dir/link.txt --verbose=1
/usr/bin/cc      -rdynamic CMakeFiles/cmTC_442fe.dir/CheckSymbolExists.c.o  -o cmTC_442fe 
CMakeFiles/cmTC_442fe.dir/CheckSymbolExists.c.o: In function `main':
CheckSymbolExists.c:(.text+0x1b): undefined reference to `pthread_create'
collect2: error: ld returned 1 exit status
CMakeFiles/cmTC_442fe.dir/build.make:97: recipe for target 'cmTC_442fe' failed
make[1]: *** [cmTC_442fe] Error 1
make[1]: Leaving directory '/home/gents/ariac/build/CMakeFiles/CMakeTmp'
Makefile:126: recipe for target 'cmTC_442fe/fast' failed
make: *** [cmTC_442fe/fast] Error 2

File /home/gents/ariac/build/CMakeFiles/CMakeTmp/CheckSymbolExists.c:
/* */
#include <pthread.h>

int main(int argc, char** argv)
{
  (void)argv;
#ifndef pthread_create
  return ((int*)(&pthread_create))[argc];
#else
  (void)argc;
  return 0;
#endif
}

Determining if the function pthread_create exists in the pthreads failed with the following output:
Change Dir: /home/gents/ariac/build/CMakeFiles/CMakeTmp

Run Build Command:"/usr/bin/make" "cmTC_754dd/fast"
/usr/bin/make -f CMakeFiles/cmTC_754dd.dir/build.make CMakeFiles/cmTC_754dd.dir/build
make[1]: Entering directory '/home/gents/ariac/build/CMakeFiles/CMakeTmp'
Building C object CMakeFiles/cmTC_754dd.dir/CheckFunctionExists.c.o
/usr/bin/cc   -DCHECK_FUNCTION_EXISTS=pthread_create   -o CMakeFiles/cmTC_754dd.dir/CheckFunctionExists.c.o   -c /usr/share/cmake-3.10/Modules/CheckFunctionExists.c
Linking C executable cmTC_754dd
/usr/bin/cmake -E cmake_link_script CMakeFiles/cmTC_754dd.dir/link.txt --verbose=1
/usr/bin/cc  -DCHECK_FUNCTION_EXISTS=pthread_create    -rdynamic CMakeFiles/cmTC_754dd.dir/CheckFunctionExists.c.o  -o cmTC_754dd -lpthreads 
/usr/bin/ld: cannot find -lpthreads
collect2: error: ld returned 1 exit status
CMakeFiles/cmTC_754dd.dir/build.make:97: recipe for target 'cmTC_754dd' failed
make[1]: *** [cmTC_754dd] Error 1
make[1]: Leaving directory '/home/gents/ariac/build/CMakeFiles/CMakeTmp'
Makefile:126: recipe for target 'cmTC_754dd/fast' failed
make: *** [cmTC_754dd/fast] Error 2


